taiwanpetadoptionApp/build/outputs/logs/manifest-merger-release-report.txt
-- Merging decision tree log ---
manifest
ADDED from src/main/AndroidManifest.xml:2:1-293:12
	package
		ADDED from src/main/AndroidManifest.xml:4:5-47
		INJECTED from src/main/AndroidManifest.xml
		INJECTED from src/main/AndroidManifest.xml
	android:versionName
		ADDED from src/main/AndroidManifest.xml:6:5-30
		INJECTED from src/main/AndroidManifest.xml
		INJECTED from src/main/AndroidManifest.xml
	xmlns:tools
		ADDED from src/main/AndroidManifest.xml:3:5-51
	android:versionCode
		ADDED from src/main/AndroidManifest.xml:5:5-29
		INJECTED from src/main/AndroidManifest.xml
		INJECTED from src/main/AndroidManifest.xml
	xmlns:android
		ADDED from src/main/AndroidManifest.xml:2:11-69
uses-sdk
ADDED from src/main/AndroidManifest.xml:8:5-11:58
MERGED from [com.android.support:multidex:1.0.1] AndroidManifest.xml:18:5-42
MERGED from [com.facebook.android:audience-network-sdk:4.19.0] AndroidManifest.xml:8:5-10:41
MERGED from [com.android.support:appcompat-v7:25.0.0] AndroidManifest.xml:21:5-23:78
MERGED from [com.android.support:support-v4:25.0.0] AndroidManifest.xml:21:5-23:54
MERGED from [com.android.support:support-compat:25.0.0] AndroidManifest.xml:21:5-23:58
MERGED from [com.android.support:support-media-compat:25.0.0] AndroidManifest.xml:21:5-23:63
MERGED from [com.android.support:support-core-utils:25.0.0] AndroidManifest.xml:21:5-23:61
MERGED from [com.android.support:support-core-ui:25.0.0] AndroidManifest.xml:21:5-23:58
MERGED from [com.android.support:support-fragment:25.0.0] AndroidManifest.xml:21:5-23:60
MERGED from [com.android.support:support-vector-drawable:25.0.0] AndroidManifest.xml:21:5-43
MERGED from [com.android.support:animated-vector-drawable:25.0.0] AndroidManifest.xml:20:5-44
MERGED from [com.android.support:recyclerview-v7:25.0.0] AndroidManifest.xml:20:5-43
MERGED from [com.google.android.exoplayer:exoplayer:r2.0.3] AndroidManifest.xml:21:5-23:41
MERGED from [com.google.android.gms:play-services-ads:9.8.0] AndroidManifest.xml:17:5-42
MERGED from [com.google.android.gms:play-services-ads-lite:9.8.0] AndroidManifest.xml:22:5-42
MERGED from [com.google.android.gms:play-services-basement:9.8.0] AndroidManifest.xml:17:5-42
MERGED from [com.google.android.gms:play-services-base:9.8.0] AndroidManifest.xml:17:5-42
MERGED from [com.google.android.gms:play-services-tasks:9.8.0] AndroidManifest.xml:3:5-42
MERGED from [com.google.android.gms:play-services-clearcut:9.8.0] AndroidManifest.xml:17:5-42
MERGED from [com.google.android.gms:play-services-gass:9.8.0] AndroidManifest.xml:3:5-42
MERGED from [com.facebook.android:facebook-android-sdk:4.19.0] AndroidManifest.xml:24:5-26:41
MERGED from [com.android.support:cardview-v7:25.0.0] AndroidManifest.xml:20:5-43
MERGED from [com.android.support:customtabs:25.0.0] AndroidManifest.xml:20:5-44
MERGED from [com.adlocus:library:3.5.2] AndroidManifest.xml:7:5-9:41
MERGED from [com.google.android.gms:play-services:9.8.0] AndroidManifest.xml:4:5-42
MERGED from [com.google.android.gms:play-services-analytics:9.8.0] AndroidManifest.xml:17:5-42
MERGED from [com.google.android.gms:play-services-analytics-impl:9.8.0] AndroidManifest.xml:17:5-42
MERGED from [com.google.android.gms:play-services-appinvite:9.8.0] AndroidManifest.xml:17:5-42
MERGED from [com.google.android.gms:play-services-auth:9.8.0] AndroidManifest.xml:17:5-42
MERGED from [com.google.android.gms:play-services-auth-base:9.8.0] AndroidManifest.xml:4:5-42
MERGED from [com.google.android.gms:play-services-cast-framework:9.8.0] AndroidManifest.xml:3:5-42
MERGED from [com.google.android.gms:play-services-cast:9.8.0] AndroidManifest.xml:17:5-42
MERGED from [com.android.support:mediarouter-v7:24.0.0] AndroidManifest.xml:20:5-43
MERGED from [com.android.support:palette-v7:24.0.0] AndroidManifest.xml:20:5-43
MERGED from [com.google.firebase:firebase-config:9.8.0] AndroidManifest.xml:17:5-42
MERGED from [com.google.firebase:firebase-iid:9.8.0] AndroidManifest.xml:17:5-42
MERGED from [com.google.firebase:firebase-common:9.8.0] AndroidManifest.xml:3:5-42
MERGED from [com.google.android.gms:play-services-awareness:9.8.0] AndroidManifest.xml:17:5-42
MERGED from [com.google.android.gms:play-services-location:9.8.0] AndroidManifest.xml:3:5-42
MERGED from [com.google.android.gms:play-services-places:9.8.0] AndroidManifest.xml:17:5-42
MERGED from [com.google.android.gms:play-services-maps:9.8.0] AndroidManifest.xml:23:5-42
MERGED from [com.google.firebase:firebase-crash:9.8.0] AndroidManifest.xml:20:5-42
MERGED from [com.google.firebase:firebase-analytics:9.8.0] AndroidManifest.xml:17:5-42
MERGED from [com.google.firebase:firebase-analytics-impl:9.8.0] AndroidManifest.xml:17:5-42
MERGED from [com.google.android.gms:play-services-drive:9.8.0] AndroidManifest.xml:17:5-42
MERGED from [com.google.firebase:firebase-auth:9.8.0] AndroidManifest.xml:17:5-42
MERGED from [com.google.firebase:firebase-auth-common:9.8.0] AndroidManifest.xml:17:5-42
MERGED from [com.google.firebase:firebase-auth-module:9.8.0] AndroidManifest.xml:3:5-42
MERGED from [com.google.firebase:firebase-database-connection:9.8.0] AndroidManifest.xml:3:5-42
MERGED from [com.google.firebase:firebase-database:9.8.0] AndroidManifest.xml:3:5-42
MERGED from [com.google.firebase:firebase-messaging:9.8.0] AndroidManifest.xml:17:5-42
MERGED from [com.google.firebase:firebase-storage:9.8.0] AndroidManifest.xml:3:5-42
MERGED from [com.google.firebase:firebase-storage-common:9.8.0] AndroidManifest.xml:3:5-42
MERGED from [com.google.android.gms:play-services-fitness:9.8.0] AndroidManifest.xml:17:5-42
MERGED from [com.google.android.gms:play-services-games:9.8.0] AndroidManifest.xml:17:5-42
MERGED from [com.google.android.gms:play-services-gcm:9.8.0] AndroidManifest.xml:17:5-42
MERGED from [com.google.android.gms:play-services-iid:9.8.0] AndroidManifest.xml:17:5-42
MERGED from [com.google.android.gms:play-services-appindexing:9.8.0] AndroidManifest.xml:17:5-42
MERGED from [com.google.android.gms:play-services-identity:9.8.0] AndroidManifest.xml:17:5-42
MERGED from [com.google.android.gms:play-services-instantapps:9.8.0] AndroidManifest.xml:3:5-42
MERGED from [com.google.android.gms:play-services-nearby:9.8.0] AndroidManifest.xml:3:5-42
MERGED from [com.google.android.gms:play-services-panorama:9.8.0] AndroidManifest.xml:17:5-42
MERGED from [com.google.android.gms:play-services-plus:9.8.0] AndroidManifest.xml:17:5-42
MERGED from [com.google.android.gms:play-services-safetynet:9.8.0] AndroidManifest.xml:17:5-42
MERGED from [com.google.android.gms:play-services-tagmanager-api:9.8.0] AndroidManifest.xml:17:5-42
MERGED from [com.google.android.gms:play-services-tagmanager:9.8.0] AndroidManifest.xml:17:5-42
MERGED from [com.google.android.gms:play-services-vision:9.8.0] AndroidManifest.xml:3:5-42
MERGED from [com.google.android.gms:play-services-wallet:9.8.0] AndroidManifest.xml:18:5-42
MERGED from [com.google.android.gms:play-services-wearable:9.8.0] AndroidManifest.xml:17:5-42
MERGED from [com.google.firebase:firebase-ads:9.0.0] AndroidManifest.xml:4:5-42
MERGED from [com.google.firebase:firebase-core:9.8.0] AndroidManifest.xml:4:5-42
	tools:overrideLibrary
		ADDED from src/main/AndroidManifest.xml:11:9-55
	android:targetSdkVersion
		ADDED from src/main/AndroidManifest.xml:10:9-38
		INJECTED from src/main/AndroidManifest.xml
		INJECTED from src/main/AndroidManifest.xml
	android:minSdkVersion
		ADDED from src/main/AndroidManifest.xml:9:9-34
		INJECTED from src/main/AndroidManifest.xml
		INJECTED from src/main/AndroidManifest.xml
uses-permission#android.permission.CAMERA
ADDED from src/main/AndroidManifest.xml:13:5-65
	android:name
		ADDED from src/main/AndroidManifest.xml:13:22-62
uses-permission#android.permission.INTERNET
ADDED from src/main/AndroidManifest.xml:14:5-67
MERGED from [com.google.android.gms:play-services-ads-lite:9.8.0] AndroidManifest.xml:19:5-66
MERGED from [com.adlocus:library:3.5.2] AndroidManifest.xml:11:5-67
MERGED from [com.google.android.gms:play-services-analytics:9.8.0] AndroidManifest.xml:20:5-66
MERGED from [com.google.android.gms:play-services-analytics-impl:9.8.0] AndroidManifest.xml:20:5-66
MERGED from [com.google.android.gms:play-services-appinvite:9.8.0] AndroidManifest.xml:18:5-66
MERGED from [com.google.firebase:firebase-iid:9.8.0] AndroidManifest.xml:20:5-66
MERGED from [com.google.android.gms:play-services-maps:9.8.0] AndroidManifest.xml:20:5-66
MERGED from [com.google.firebase:firebase-crash:9.8.0] AndroidManifest.xml:18:5-66
MERGED from [com.google.firebase:firebase-analytics:9.8.0] AndroidManifest.xml:20:5-66
MERGED from [com.google.firebase:firebase-analytics-impl:9.8.0] AndroidManifest.xml:20:5-66
MERGED from [com.google.android.gms:play-services-gcm:9.8.0] AndroidManifest.xml:21:5-66
MERGED from [com.google.android.gms:play-services-iid:9.8.0] AndroidManifest.xml:21:5-66
MERGED from [com.google.android.gms:play-services-tagmanager-api:9.8.0] AndroidManifest.xml:20:5-66
	android:name
		ADDED from src/main/AndroidManifest.xml:14:22-64
uses-permission#android.permission.READ_PHONE_STATE
ADDED from src/main/AndroidManifest.xml:15:5-75
	android:name
		ADDED from src/main/AndroidManifest.xml:15:22-72
uses-permission#android.permission.ACCESS_COARSE_LOCATION
ADDED from src/main/AndroidManifest.xml:16:5-81
MERGED from [com.adlocus:library:3.5.2] AndroidManifest.xml:12:5-81
	android:name
		ADDED from src/main/AndroidManifest.xml:16:22-78
uses-permission#android.permission.ACCESS_NETWORK_STATE
ADDED from src/main/AndroidManifest.xml:17:5-79
MERGED from [com.google.android.gms:play-services-ads-lite:9.8.0] AndroidManifest.xml:20:5-78
MERGED from [com.adlocus:library:3.5.2] AndroidManifest.xml:13:5-79
MERGED from [com.google.android.gms:play-services-analytics:9.8.0] AndroidManifest.xml:21:5-78
MERGED from [com.google.android.gms:play-services-analytics-impl:9.8.0] AndroidManifest.xml:21:5-78
MERGED from [com.google.firebase:firebase-iid:9.8.0] AndroidManifest.xml:19:5-78
MERGED from [com.google.android.gms:play-services-maps:9.8.0] AndroidManifest.xml:19:5-78
MERGED from [com.google.firebase:firebase-analytics:9.8.0] AndroidManifest.xml:21:5-78
MERGED from [com.google.firebase:firebase-analytics-impl:9.8.0] AndroidManifest.xml:21:5-78
MERGED from [com.google.android.gms:play-services-nearby:9.8.0] AndroidManifest.xml:4:5-78
MERGED from [com.google.android.gms:play-services-tagmanager-api:9.8.0] AndroidManifest.xml:21:5-78
	android:name
		ADDED from src/main/AndroidManifest.xml:17:22-76
uses-permission#android.permission.CHANGE_WIFI_STATE
ADDED from src/main/AndroidManifest.xml:18:5-76
MERGED from [com.adlocus:library:3.5.2] AndroidManifest.xml:14:5-76
	android:name
		ADDED from src/main/AndroidManifest.xml:18:22-73
uses-permission#android.permission.ACCESS_WIFI_STATE
ADDED from src/main/AndroidManifest.xml:19:5-76
MERGED from [com.adlocus:library:3.5.2] AndroidManifest.xml:15:5-76
	android:name
		ADDED from src/main/AndroidManifest.xml:19:22-73
uses-permission#android.permission.RECEIVE_BOOT_COMPLETED
ADDED from src/main/AndroidManifest.xml:20:5-81
MERGED from [com.adlocus:library:3.5.2] AndroidManifest.xml:16:5-81
	android:name
		ADDED from src/main/AndroidManifest.xml:20:22-78
uses-permission#android.permission.WAKE_LOCK
ADDED from src/main/AndroidManifest.xml:21:5-68
MERGED from [com.google.android.gms:play-services-analytics:9.8.0] AndroidManifest.xml:24:5-67
MERGED from [com.google.android.gms:play-services-analytics-impl:9.8.0] AndroidManifest.xml:24:5-67
MERGED from [com.google.firebase:firebase-iid:9.8.0] AndroidManifest.xml:21:5-67
MERGED from [com.google.firebase:firebase-analytics:9.8.0] AndroidManifest.xml:22:5-67
MERGED from [com.google.firebase:firebase-analytics-impl:9.8.0] AndroidManifest.xml:22:5-67
	android:name
		ADDED from src/main/AndroidManifest.xml:21:22-65
uses-permission#android.permission.GET_ACCOUNTS
ADDED from src/main/AndroidManifest.xml:23:5-71
	android:name
		ADDED from src/main/AndroidManifest.xml:23:22-68
uses-permission#com.android.vending.BILLING
ADDED from src/main/AndroidManifest.xml:24:5-67
	android:name
		ADDED from src/main/AndroidManifest.xml:24:22-64
uses-permission#android.permission.CALL_PHONE
ADDED from src/main/AndroidManifest.xml:25:5-69
	android:name
		ADDED from src/main/AndroidManifest.xml:25:22-66
uses-permission#android.permission.ACCESS_FINE_LOCATION
ADDED from src/main/AndroidManifest.xml:26:5-79
	android:name
		ADDED from src/main/AndroidManifest.xml:26:22-76
uses-permission#android.permission.WRITE_EXTERNAL_STORAGE
ADDED from src/main/AndroidManifest.xml:27:5-81
	android:name
		ADDED from src/main/AndroidManifest.xml:27:22-78
uses-permission#android.permission.READ_EXTERNAL_STORAGE
ADDED from src/main/AndroidManifest.xml:28:5-80
	android:name
		ADDED from src/main/AndroidManifest.xml:28:22-77
uses-permission#android.permission.BLUETOOTH
ADDED from src/main/AndroidManifest.xml:30:5-67
	android:name
		ADDED from src/main/AndroidManifest.xml:30:22-65
uses-permission#android.permission.BLUETOOTH_ADMIN
ADDED from src/main/AndroidManifest.xml:31:5-73
	android:name
		ADDED from src/main/AndroidManifest.xml:31:22-71
application
ADDED from src/main/AndroidManifest.xml:36:5-291:19
MERGED from [com.android.support:appcompat-v7:25.0.0] AndroidManifest.xml:25:5-20
MERGED from [com.android.support:support-v4:25.0.0] AndroidManifest.xml:25:5-20
MERGED from [com.android.support:support-compat:25.0.0] AndroidManifest.xml:25:5-20
MERGED from [com.android.support:support-media-compat:25.0.0] AndroidManifest.xml:25:5-20
MERGED from [com.android.support:support-core-utils:25.0.0] AndroidManifest.xml:25:5-20
MERGED from [com.android.support:support-core-ui:25.0.0] AndroidManifest.xml:25:5-20
MERGED from [com.android.support:support-fragment:25.0.0] AndroidManifest.xml:25:5-20
MERGED from [com.android.support:support-vector-drawable:25.0.0] AndroidManifest.xml:23:5-20
MERGED from [com.android.support:animated-vector-drawable:25.0.0] AndroidManifest.xml:22:5-20
MERGED from [com.google.android.gms:play-services-ads-lite:9.8.0] AndroidManifest.xml:23:5-27:19
MERGED from [com.google.android.gms:play-services-basement:9.8.0] AndroidManifest.xml:19:5-21:19
MERGED from [com.google.android.gms:play-services-base:9.8.0] AndroidManifest.xml:18:5-20:19
MERGED from [com.google.android.gms:play-services-tasks:9.8.0] AndroidManifest.xml:4:5-19
MERGED from [com.google.android.gms:play-services-clearcut:9.8.0] AndroidManifest.xml:18:5-19
MERGED from [com.google.android.gms:play-services-gass:9.8.0] AndroidManifest.xml:4:5-19
MERGED from [com.facebook.android:facebook-android-sdk:4.19.0] AndroidManifest.xml:28:5-48:19
MERGED from [com.android.support:cardview-v7:25.0.0] AndroidManifest.xml:22:5-20
MERGED from [com.android.support:customtabs:25.0.0] AndroidManifest.xml:22:5-20
MERGED from [com.adlocus:library:3.5.2] AndroidManifest.xml:18:5-55:19
MERGED from [com.google.android.gms:play-services:9.8.0] AndroidManifest.xml:5:5-20
MERGED from [com.google.android.gms:play-services-analytics:9.8.0] AndroidManifest.xml:26:5-19
MERGED from [com.google.android.gms:play-services-analytics-impl:9.8.0] AndroidManifest.xml:26:5-19
MERGED from [com.google.android.gms:play-services-appinvite:9.8.0] AndroidManifest.xml:19:5-26:19
MERGED from [com.google.android.gms:play-services-auth:9.8.0] AndroidManifest.xml:19:5-25:19
MERGED from [com.google.android.gms:play-services-cast-framework:9.8.0] AndroidManifest.xml:4:5-8:19
MERGED from [com.google.android.gms:play-services-cast:9.8.0] AndroidManifest.xml:18:5-19
MERGED from [com.android.support:mediarouter-v7:24.0.0] AndroidManifest.xml:22:5-20
MERGED from [com.android.support:palette-v7:24.0.0] AndroidManifest.xml:22:5-23:19
MERGED from [com.google.firebase:firebase-config:9.8.0] AndroidManifest.xml:18:5-19
MERGED from [com.google.firebase:firebase-iid:9.8.0] AndroidManifest.xml:28:5-50:19
MERGED from [com.google.firebase:firebase-common:9.8.0] AndroidManifest.xml:4:5-7:19
MERGED from [com.google.android.gms:play-services-awareness:9.8.0] AndroidManifest.xml:18:5-19
MERGED from [com.google.android.gms:play-services-location:9.8.0] AndroidManifest.xml:4:5-19
MERGED from [com.google.android.gms:play-services-places:9.8.0] AndroidManifest.xml:18:5-19
MERGED from [com.google.android.gms:play-services-maps:9.8.0] AndroidManifest.xml:24:5-19
MERGED from [com.google.firebase:firebase-crash:9.8.0] AndroidManifest.xml:22:5-23:19
MERGED from [com.google.firebase:firebase-analytics:9.8.0] AndroidManifest.xml:24:5-33:19
MERGED from [com.google.firebase:firebase-analytics-impl:9.8.0] AndroidManifest.xml:24:5-28:19
MERGED from [com.google.android.gms:play-services-drive:9.8.0] AndroidManifest.xml:18:5-19
MERGED from [com.google.firebase:firebase-auth:9.8.0] AndroidManifest.xml:19:5-20:19
MERGED from [com.google.firebase:firebase-auth-common:9.8.0] AndroidManifest.xml:19:5-20:19
MERGED from [com.google.firebase:firebase-messaging:9.8.0] AndroidManifest.xml:19:5-29:19
MERGED from [com.google.android.gms:play-services-fitness:9.8.0] AndroidManifest.xml:18:5-19
MERGED from [com.google.android.gms:play-services-games:9.8.0] AndroidManifest.xml:18:5-19
MERGED from [com.google.android.gms:play-services-gcm:9.8.0] AndroidManifest.xml:23:5-19
MERGED from [com.google.android.gms:play-services-iid:9.8.0] AndroidManifest.xml:23:5-19
MERGED from [com.google.android.gms:play-services-appindexing:9.8.0] AndroidManifest.xml:18:5-19
MERGED from [com.google.android.gms:play-services-identity:9.8.0] AndroidManifest.xml:18:5-19
MERGED from [com.google.android.gms:play-services-nearby:9.8.0] AndroidManifest.xml:5:5-19
MERGED from [com.google.android.gms:play-services-panorama:9.8.0] AndroidManifest.xml:18:5-19
MERGED from [com.google.android.gms:play-services-plus:9.8.0] AndroidManifest.xml:18:5-19
MERGED from [com.google.android.gms:play-services-safetynet:9.8.0] AndroidManifest.xml:18:5-19
MERGED from [com.google.android.gms:play-services-tagmanager-api:9.8.0] AndroidManifest.xml:23:5-33:19
MERGED from [com.google.android.gms:play-services-vision:9.8.0] AndroidManifest.xml:4:5-19
MERGED from [com.google.android.gms:play-services-wearable:9.8.0] AndroidManifest.xml:18:5-19
MERGED from [com.google.firebase:firebase-ads:9.0.0] AndroidManifest.xml:5:5-20
MERGED from [com.google.firebase:firebase-core:9.8.0] AndroidManifest.xml:5:5-20
	android:label
		ADDED from src/main/AndroidManifest.xml:40:9-41
	android:allowBackup
		ADDED from src/main/AndroidManifest.xml:38:9-35
	android:icon
		ADDED from src/main/AndroidManifest.xml:39:9-38
	android:theme
		ADDED from src/main/AndroidManifest.xml:41:9-40
	android:name
		ADDED from src/main/AndroidManifest.xml:37:9-68
intent-filter#android.intent.action.VIEW+android.intent.category.BROWSABLE+android.intent.category.DEFAULT
ADDED from src/main/AndroidManifest.xml:42:9-49:25
action#android.intent.action.VIEW
ADDED from src/main/AndroidManifest.xml:43:13-65
	android:name
		ADDED from src/main/AndroidManifest.xml:43:21-62
category#android.intent.category.DEFAULT
ADDED from src/main/AndroidManifest.xml:45:13-72
	android:name
		ADDED from src/main/AndroidManifest.xml:45:23-69
category#android.intent.category.BROWSABLE
ADDED from src/main/AndroidManifest.xml:46:13-74
	android:name
		ADDED from src/main/AndroidManifest.xml:46:23-71
data
ADDED from src/main/AndroidManifest.xml:48:13-60
	android:scheme
		ADDED from src/main/AndroidManifest.xml:48:19-57
activity#com.jackpan.TaiwanpetadoptionApp.MainActivity
ADDED from src/main/AndroidManifest.xml:51:9-56:52
	android:screenOrientation
		ADDED from src/main/AndroidManifest.xml:56:13-49
	android:label
		ADDED from src/main/AndroidManifest.xml:55:13-45
	android:hardwareAccelerated
		ADDED from src/main/AndroidManifest.xml:54:13-47
	android:configChanges
		ADDED from src/main/AndroidManifest.xml:53:13-59
	android:name
		ADDED from src/main/AndroidManifest.xml:52:13-41
activity#com.jackpan.TaiwanpetadoptionApp.TwoActivity
ADDED from src/main/AndroidManifest.xml:57:9-62:52
	android:screenOrientation
		ADDED from src/main/AndroidManifest.xml:62:13-49
	android:label
		ADDED from src/main/AndroidManifest.xml:61:13-55
	android:hardwareAccelerated
		ADDED from src/main/AndroidManifest.xml:60:13-47
	android:configChanges
		ADDED from src/main/AndroidManifest.xml:59:13-59
	android:name
		ADDED from src/main/AndroidManifest.xml:58:13-40
activity#com.jackpan.video.VideoMainActivity
ADDED from src/main/AndroidManifest.xml:63:9-68:52
	android:screenOrientation
		ADDED from src/main/AndroidManifest.xml:68:13-49
	android:label
		ADDED from src/main/AndroidManifest.xml:67:13-45
	android:hardwareAccelerated
		ADDED from src/main/AndroidManifest.xml:66:13-47
	android:configChanges
		ADDED from src/main/AndroidManifest.xml:65:13-59
	android:name
		ADDED from src/main/AndroidManifest.xml:64:13-63
activity#com.jackpan.video.VideoTwoActivity
ADDED from src/main/AndroidManifest.xml:69:9-74:52
	android:screenOrientation
		ADDED from src/main/AndroidManifest.xml:74:13-49
	android:label
		ADDED from src/main/AndroidManifest.xml:73:13-55
	android:hardwareAccelerated
		ADDED from src/main/AndroidManifest.xml:72:13-47
	android:configChanges
		ADDED from src/main/AndroidManifest.xml:71:13-59
	android:name
		ADDED from src/main/AndroidManifest.xml:70:13-62
activity#com.jackpan.video.ForIdeaAndShareVideoActivity
ADDED from src/main/AndroidManifest.xml:75:9-80:52
	android:screenOrientation
		ADDED from src/main/AndroidManifest.xml:80:13-49
	android:label
		ADDED from src/main/AndroidManifest.xml:79:13-55
	android:hardwareAccelerated
		ADDED from src/main/AndroidManifest.xml:78:13-47
	android:configChanges
		ADDED from src/main/AndroidManifest.xml:77:13-59
	android:name
		ADDED from src/main/AndroidManifest.xml:76:13-74
activity#com.adlocus.AdActivity
ADDED from src/main/AndroidManifest.xml:82:9-89:20
MERGED from [com.adlocus:library:3.5.2] AndroidManifest.xml:24:9-29:20
	android:parentActivityName
		ADDED from src/main/AndroidManifest.xml:84:13-55
	android:excludeFromRecents
		ADDED from [com.adlocus:library:3.5.2] AndroidManifest.xml:26:13-46
	android:launchMode
		ADDED from [com.adlocus:library:3.5.2] AndroidManifest.xml:27:13-44
	android:theme
		ADDED from src/main/AndroidManifest.xml:85:13-54
	android:name
		ADDED from src/main/AndroidManifest.xml:83:13-50
meta-data#android.support.PARENT_ACTIVITY
ADDED from src/main/AndroidManifest.xml:86:13-88:81
	android:value
		ADDED from src/main/AndroidManifest.xml:88:17-78
	android:name
		ADDED from src/main/AndroidManifest.xml:87:17-63
activity#com.adlocus.VideoAdActivity
ADDED from src/main/AndroidManifest.xml:90:9-93:50
MERGED from [com.adlocus:library:3.5.2] AndroidManifest.xml:30:9-35:20
	android:hardwareAccelerated
		ADDED from src/main/AndroidManifest.xml:93:13-47
	android:launchMode
		ADDED from [com.adlocus:library:3.5.2] AndroidManifest.xml:34:13-44
	android:configChanges
		ADDED from src/main/AndroidManifest.xml:92:13-122
	android:name
		ADDED from src/main/AndroidManifest.xml:91:13-55
service#com.adlocus.push.PushService
ADDED from src/main/AndroidManifest.xml:95:9-97:42
MERGED from [com.adlocus:library:3.5.2] AndroidManifest.xml:37:9-40:19
	android:process
		ADDED from src/main/AndroidManifest.xml:97:13-39
	android:name
		ADDED from src/main/AndroidManifest.xml:96:13-56
receiver#com.adlocus.push.PushReceive
ADDED from src/main/AndroidManifest.xml:99:9-111:20
MERGED from [com.adlocus:library:3.5.2] AndroidManifest.xml:42:9-54:20
	android:enabled
		ADDED from src/main/AndroidManifest.xml:101:13-35
	android:process
		ADDED from src/main/AndroidManifest.xml:102:13-39
	android:name
		ADDED from src/main/AndroidManifest.xml:100:13-56
intent-filter#android.intent.action.BOOT_COMPLETED+android.intent.category.DEFAULT
ADDED from src/main/AndroidManifest.xml:103:13-107:29
action#android.intent.action.BOOT_COMPLETED
ADDED from src/main/AndroidManifest.xml:104:17-79
	android:name
		ADDED from src/main/AndroidManifest.xml:104:25-76
intent-filter#com.adlocus.action.RECEIVE
ADDED from src/main/AndroidManifest.xml:108:13-110:29
action#com.adlocus.action.RECEIVE
ADDED from src/main/AndroidManifest.xml:109:17-69
	android:name
		ADDED from src/main/AndroidManifest.xml:109:25-66
activity#com.vpadn.widget.VpadnActivity
ADDED from src/main/AndroidManifest.xml:113:9-117:64
	android:hardwareAccelerated
		ADDED from src/main/AndroidManifest.xml:116:13-47
	android:configChanges
		ADDED from src/main/AndroidManifest.xml:115:13-133
	android:theme
		ADDED from src/main/AndroidManifest.xml:117:13-61
	android:name
		ADDED from src/main/AndroidManifest.xml:114:13-58
activity#com.jackpan.TaiwanpetadoptionApp.HeadpageActivity
ADDED from src/main/AndroidManifest.xml:118:9-123:52
	android:screenOrientation
		ADDED from src/main/AndroidManifest.xml:123:13-49
	android:label
		ADDED from src/main/AndroidManifest.xml:121:13-60
	android:launchMode
		ADDED from src/main/AndroidManifest.xml:122:13-48
	android:configChanges
		ADDED from src/main/AndroidManifest.xml:120:13-59
	android:name
		ADDED from src/main/AndroidManifest.xml:119:13-45
meta-data#com.google.android.gms.version
ADDED from src/main/AndroidManifest.xml:125:9-127:69
MERGED from [com.google.android.gms:play-services-basement:9.8.0] AndroidManifest.xml:20:9-121
	android:value
		ADDED from src/main/AndroidManifest.xml:127:13-66
	android:name
		ADDED from src/main/AndroidManifest.xml:126:13-58
activity#com.google.android.gms.ads.AdActivity
ADDED from src/main/AndroidManifest.xml:129:9-132:64
MERGED from [com.google.android.gms:play-services-ads-lite:9.8.0] AndroidManifest.xml:25:9-232
	android:configChanges
		ADDED from src/main/AndroidManifest.xml:131:13-122
	android:theme
		ADDED from src/main/AndroidManifest.xml:132:13-61
	android:name
		ADDED from src/main/AndroidManifest.xml:130:13-65
activity#com.jackpan.TaiwanpetadoptionApp.SpinnerActivity
ADDED from src/main/AndroidManifest.xml:133:9-135:62
	android:label
		ADDED from src/main/AndroidManifest.xml:135:13-59
	android:name
		ADDED from src/main/AndroidManifest.xml:134:13-44
receiver#com.google.android.gms.analytics.AnalyticsReceiver
ADDED from src/main/AndroidManifest.xml:137:9-143:20
	android:enabled
		ADDED from src/main/AndroidManifest.xml:139:13-35
	android:name
		ADDED from src/main/AndroidManifest.xml:138:13-78
intent-filter#com.google.android.gms.analytics.ANALYTICS_DISPATCH
ADDED from src/main/AndroidManifest.xml:140:13-142:29
action#com.google.android.gms.analytics.ANALYTICS_DISPATCH
ADDED from src/main/AndroidManifest.xml:141:17-94
	android:name
		ADDED from src/main/AndroidManifest.xml:141:25-91
service#com.google.android.gms.analytics.AnalyticsService
ADDED from src/main/AndroidManifest.xml:145:9-148:40
	android:enabled
		ADDED from src/main/AndroidManifest.xml:147:13-35
	android:exported
		ADDED from src/main/AndroidManifest.xml:148:13-37
	android:name
		ADDED from src/main/AndroidManifest.xml:146:13-77
activity#com.jackpan.TaiwanpetadoptionApp.InAppBillingActivity
ADDED from src/main/AndroidManifest.xml:150:9-153:51
	android:label
		ADDED from src/main/AndroidManifest.xml:152:13-66
	android:launchMode
		ADDED from src/main/AndroidManifest.xml:153:13-48
	android:name
		ADDED from src/main/AndroidManifest.xml:151:13-49
service#com.jackpan.TaiwanpetadoptionApp.MyFirebaseMessagingService
ADDED from src/main/AndroidManifest.xml:155:9-159:19
	android:name
		ADDED from src/main/AndroidManifest.xml:155:18-60
intent-filter#com.google.firebase.MESSAGING_EVENT
ADDED from src/main/AndroidManifest.xml:156:13-158:29
action#com.google.firebase.MESSAGING_EVENT
ADDED from src/main/AndroidManifest.xml:157:17-78
	android:name
		ADDED from src/main/AndroidManifest.xml:157:25-75
service#com.jackpan.TaiwanpetadoptionApp.MyFirebaseInstanceIDService
ADDED from src/main/AndroidManifest.xml:160:9-164:19
	android:name
		ADDED from src/main/AndroidManifest.xml:160:18-61
intent-filter#com.google.firebase.INSTANCE_ID_EVENT
ADDED from src/main/AndroidManifest.xml:161:13-163:29
action#com.google.firebase.INSTANCE_ID_EVENT
ADDED from src/main/AndroidManifest.xml:162:17-80
	android:name
		ADDED from src/main/AndroidManifest.xml:162:25-77
meta-data#com.facebook.sdk.ApplicationId
ADDED from src/main/AndroidManifest.xml:166:9-168:55
	android:value
		ADDED from src/main/AndroidManifest.xml:168:13-52
	android:name
		ADDED from src/main/AndroidManifest.xml:167:13-58
provider#com.facebook.FacebookContentProvider
ADDED from src/main/AndroidManifest.xml:170:9-173:39
	android:authorities
		ADDED from src/main/AndroidManifest.xml:172:13-90
	android:exported
		ADDED from src/main/AndroidManifest.xml:173:13-36
	android:name
		ADDED from src/main/AndroidManifest.xml:171:13-64
activity#com.jackpan.TaiwanpetadoptionApp.FireBaseListActivity
ADDED from src/main/AndroidManifest.xml:175:9-177:69
	android:label
		ADDED from src/main/AndroidManifest.xml:177:13-66
	android:name
		ADDED from src/main/AndroidManifest.xml:176:13-49
activity#com.jackpan.TaiwanpetadoptionApp.ForIdeaAndShareActivity
ADDED from src/main/AndroidManifest.xml:178:9-181:45
	android:configChanges
		ADDED from src/main/AndroidManifest.xml:180:13-59
	android:theme
		ADDED from src/main/AndroidManifest.xml:181:13-42
	android:name
		ADDED from src/main/AndroidManifest.xml:179:13-52
activity#com.jackpan.VideoViewActivity
ADDED from src/main/AndroidManifest.xml:182:9-185:45
	android:label
		ADDED from src/main/AndroidManifest.xml:184:13-45
	android:theme
		ADDED from src/main/AndroidManifest.xml:185:13-42
	android:name
		ADDED from src/main/AndroidManifest.xml:183:13-57
activity#com.jackpan.TaiwanpetadoptionApp.LoginActivity
ADDED from src/main/AndroidManifest.xml:186:9-197:20
	android:screenOrientation
		ADDED from src/main/AndroidManifest.xml:191:13-49
	android:label
		ADDED from src/main/AndroidManifest.xml:190:13-45
	android:hardwareAccelerated
		ADDED from src/main/AndroidManifest.xml:189:13-47
	android:configChanges
		ADDED from src/main/AndroidManifest.xml:188:13-59
	android:name
		ADDED from src/main/AndroidManifest.xml:187:13-42
intent-filter#android.intent.action.MAIN+android.intent.category.LAUNCHER